d:\users\alex\desktop\protfolio\projects\battleground\battlegrounds\battlegrounds\battlegrounds\x64\debug\vc143.pdb
d:\users\alex\desktop\protfolio\projects\battleground\battlegrounds\battlegrounds\battlegrounds\x64\debug\vc143.idb
d:\users\alex\desktop\protfolio\projects\battleground\battlegrounds\battlegrounds\battlegrounds\x64\debug\point.obj
d:\users\alex\desktop\protfolio\projects\battleground\battlegrounds\battlegrounds\battlegrounds\x64\debug\utils.obj
d:\users\alex\desktop\protfolio\projects\battleground\battlegrounds\battlegrounds\battlegrounds\x64\debug\transform.obj
d:\users\alex\desktop\protfolio\projects\battleground\battlegrounds\battlegrounds\battlegrounds\x64\debug\arbre.obj
d:\users\alex\desktop\protfolio\projects\battleground\battlegrounds\battlegrounds\battlegrounds\x64\debug\main.obj
d:\users\alex\desktop\protfolio\projects\battleground\battlegrounds\battlegrounds\battlegrounds\x64\debug\gameflow.obj
d:\users\alex\desktop\protfolio\projects\battleground\battlegrounds\battlegrounds\battlegrounds\x64\debug\enemy.obj
d:\users\alex\desktop\protfolio\projects\battleground\battlegrounds\battlegrounds\battlegrounds\x64\debug\egg.obj
d:\users\alex\desktop\protfolio\projects\battleground\battlegrounds\battlegrounds\battlegrounds\x64\debug\champignon.obj
d:\users\alex\desktop\protfolio\projects\battleground\battlegrounds\battlegrounds\battlegrounds\x64\debug\projectile.obj
d:\users\alex\desktop\protfolio\projects\battleground\battlegrounds\battlegrounds\battlegrounds\x64\debug\player.obj
d:\users\alex\desktop\protfolio\projects\battleground\battlegrounds\battlegrounds\battlegrounds\x64\debug\collisionmanager.obj
d:\users\alex\desktop\protfolio\projects\battleground\battlegrounds\battlegrounds\battlegrounds\x64\debug\camera.obj
d:\users\alex\desktop\protfolio\projects\battleground\battlegrounds\battlegrounds\battlegrounds\x64\debug\ability.obj
d:\users\alex\desktop\protfolio\projects\battleground\battlegrounds\battlegrounds\battlegrounds\x64\debug\battlegrounds.ilk
d:\users\alex\desktop\protfolio\projects\battleground\battlegrounds\battlegrounds\x64\debug\battlegrounds.exe
d:\users\alex\desktop\protfolio\projects\battleground\battlegrounds\battlegrounds\x64\debug\battlegrounds.pdb
d:\users\alex\desktop\protfolio\projects\battleground\battlegrounds\battlegrounds\battlegrounds\x64\debug\battlegrounds.tlog\cl.command.1.tlog
d:\users\alex\desktop\protfolio\projects\battleground\battlegrounds\battlegrounds\battlegrounds\x64\debug\battlegrounds.tlog\cl.read.1.tlog
d:\users\alex\desktop\protfolio\projects\battleground\battlegrounds\battlegrounds\battlegrounds\x64\debug\battlegrounds.tlog\cl.write.1.tlog
d:\users\alex\desktop\protfolio\projects\battleground\battlegrounds\battlegrounds\battlegrounds\x64\debug\battlegrounds.tlog\link.command.1.tlog
d:\users\alex\desktop\protfolio\projects\battleground\battlegrounds\battlegrounds\battlegrounds\x64\debug\battlegrounds.tlog\link.read.1.tlog
d:\users\alex\desktop\protfolio\projects\battleground\battlegrounds\battlegrounds\battlegrounds\x64\debug\battlegrounds.tlog\link.write.1.tlog
